2026-07-01 22:22:33,059 | INFO | Opening https://quotes.toscrape.com
2026-07-01 22:22:35,656 | INFO | Scraping Page 1
2026-07-01 22:22:37,074 | INFO | Scraping Page 2
2026-07-01 22:22:38,541 | INFO | Scraping Page 3
2026-07-01 22:22:40,023 | INFO | Scraping Page 4
2026-07-01 22:22:41,421 | INFO | Scraping Page 5
2026-07-01 22:22:42,963 | INFO | Scraping Page 6
2026-07-01 22:22:44,492 | INFO | Scraping Page 7
2026-07-01 22:22:46,032 | INFO | Scraping Page 8
2026-07-01 22:22:47,460 | INFO | Scraping Page 9
2026-07-01 22:22:48,902 | INFO | Scraping Page 10
2026-07-01 22:22:49,031 | INFO | Finished scraping all pages.
2026-07-01 22:22:49,038 | INFO | Closing browser
2026-07-01 22:30:54,958 | INFO | Opening https://quotes.toscrape.com
2026-07-01 22:30:58,261 | INFO | Scraping Page 1
2026-07-01 22:30:58,367 | INFO | Processed 10 quotes from page 1
2026-07-01 22:30:59,749 | INFO | Scraping Page 2
2026-07-01 22:30:59,963 | INFO | Processed 10 quotes from page 2
2026-07-01 22:31:01,333 | INFO | Scraping Page 3
2026-07-01 22:31:01,406 | INFO | Processed 10 quotes from page 3
2026-07-01 22:31:02,774 | INFO | Scraping Page 4
2026-07-01 22:31:02,871 | INFO | Processed 10 quotes from page 4
2026-07-01 22:31:04,205 | INFO | Scraping Page 5
2026-07-01 22:31:04,323 | INFO | Processed 10 quotes from page 5
2026-07-01 22:31:05,636 | INFO | Scraping Page 6
2026-07-01 22:31:05,778 | INFO | Processed 10 quotes from page 6
2026-07-01 22:31:07,172 | INFO | Scraping Page 7
2026-07-01 22:31:07,279 | INFO | Processed 10 quotes from page 7
2026-07-01 22:31:08,718 | INFO | Scraping Page 8
2026-07-01 22:31:08,824 | INFO | Processed 10 quotes from page 8
2026-07-01 22:31:10,123 | INFO | Scraping Page 9
2026-07-01 22:31:10,248 | INFO | Processed 10 quotes from page 9
2026-07-01 22:31:11,667 | INFO | Scraping Page 10
2026-07-01 22:31:11,765 | INFO | Processed 10 quotes from page 10
2026-07-01 22:31:11,768 | INFO | Finished scraping all pages.
2026-07-01 22:31:11,768 | INFO | Closing browser
